abr. 06, 2025 8:04:27 PM liquibase.changelog
INFO: Reading resource: db/changelog/migrations/db.changelog-202504061627.sql
abr. 06, 2025 8:04:27 PM liquibase.changelog
INFO: Reading resource: db/changelog/migrations/db.changelog-202504061824.sql
abr. 06, 2025 8:04:27 PM liquibase.changelog
INFO: Reading resource: db/changelog/migrations/db.changelog-202504061828.sql
abr. 06, 2025 8:04:27 PM liquibase.changelog
INFO: Reading resource: db/changelog/migrations/db.changelog-202504061830.sql
abr. 06, 2025 8:04:27 PM liquibase.changelog
INFO: Reading resource: db/changelog/migrations/db.changelog-202504061957.sql
abr. 06, 2025 8:04:27 PM liquibase.changelog
INFO: Reading from board.databasechangelog
Database is up to date, no changesets to execute
abr. 06, 2025 8:04:27 PM liquibase.changelog
INFO: Reading from board.databasechangelog

UPDATE SUMMARY
Run:                          0
Previously run:               5
Filtered out:                 0
-------------------------------
Total change sets:            5

abr. 06, 2025 8:04:27 PM liquibase.util
INFO: UPDATE SUMMARY
abr. 06, 2025 8:04:27 PM liquibase.util
INFO: Run:                          0
abr. 06, 2025 8:04:27 PM liquibase.util
INFO: Previously run:               5
abr. 06, 2025 8:04:27 PM liquibase.util
INFO: Filtered out:                 0
abr. 06, 2025 8:04:27 PM liquibase.util
INFO: -------------------------------
abr. 06, 2025 8:04:27 PM liquibase.util
INFO: Total change sets:            5
abr. 06, 2025 8:04:27 PM liquibase.util
INFO: Update summary generated
abr. 06, 2025 8:04:27 PM liquibase.lockservice
INFO: Successfully released change log lock
abr. 06, 2025 8:04:27 PM liquibase.command
INFO: Command execution complete
